Build started 9/24/2014 11:48:12 PM.
     1>Project "C:\Users\UmbleJA1\Documents\GitHub\Escape-Pod-4\Main Program\kingsCorners\kingsCorners\kingsCorners.vcxproj" on node 2 (Build target(s)).
     1>ClCompile:
         C:\Program Files (x86)\Microsoft Visual Studio 11.0\VC\bin\CL.exe /c /ZI /nologo /W3 /WX- /sdl /Od /Oy- /D WIN32 /D _DEBUG /D _CONSOLE /D _UNICODE /D UNICODE /Gm /EHsc /RTC1 /MDd /GS /fp:precise /Zc:wchar_t /Zc:forScope /Fo"Debug\\" /Fd"Debug\vc110.pdb" /Gd /TP /analyze- /errorReport:prompt kingsCorners.cpp
         kingsCorners.cpp
     1>c:\users\umbleja1\documents\github\escape-pod-4\main program\kingscorners\kingscorners\kingscorners.cpp(289): warning C4018: '<' : signed/unsigned mismatch
     1>c:\users\umbleja1\documents\github\escape-pod-4\main program\kingscorners\kingscorners\kingscorners.cpp(296): warning C4018: '<' : signed/unsigned mismatch
     1>c:\users\umbleja1\documents\github\escape-pod-4\main program\kingscorners\kingscorners\kingscorners.cpp(354): warning C4018: '<' : signed/unsigned mismatch
     1>c:\users\umbleja1\documents\github\escape-pod-4\main program\kingscorners\kingscorners\kingscorners.cpp(569): warning C4244: 'argument' : conversion from 'time_t' to 'unsigned int', possible loss of data
     1>c:\users\umbleja1\documents\github\escape-pod-4\main program\kingscorners\kingscorners\kingscorners.cpp(134): warning C4715: 'intToValue' : not all control paths return a value
     1>c:\users\umbleja1\documents\github\escape-pod-4\main program\kingscorners\kingscorners\kingscorners.cpp(143): warning C4715: 'intToSuit' : not all control paths return a value
       Link:
         C:\Program Files (x86)\Microsoft Visual Studio 11.0\VC\bin\link.exe /ERRORREPORT:PROMPT /OUT:"C:\Users\UmbleJA1\Documents\GitHub\Escape-Pod-4\Main Program\kingsCorners\Debug\kingsCorners.exe" /INCREMENTAL /NOLOGO kernel32.lib user32.lib gdi32.lib winspool.lib comdlg32.lib advapi32.lib shell32.lib ole32.lib oleaut32.lib uuid.lib odbc32.lib odbccp32.lib /MANIFEST /MANIFESTUAC:"level='asInvoker' uiAccess='false'" /manifest:embed /DEBUG /PDB:"C:\Users\UmbleJA1\Documents\GitHub\Escape-Pod-4\Main Program\kingsCorners\Debug\kingsCorners.pdb" /SUBSYSTEM:CONSOLE /TLBID:1 /DYNAMICBASE /NXCOMPAT /IMPLIB:"C:\Users\UmbleJA1\Documents\GitHub\Escape-Pod-4\Main Program\kingsCorners\Debug\kingsCorners.lib" /MACHINE:X86 Debug\Card.obj
         Debug\kingsCorners.obj
         Debug\stdafx.obj
     1>kingsCorners.obj : error LNK2019: unresolved external symbol "public: enum Value __thiscall Board::intToValue(int)" (?intToValue@Board@@QAE?AW4Value@@H@Z) referenced in function "public: __thiscall Board::Board(void)" (??0Board@@QAE@XZ)
     1>kingsCorners.obj : error LNK2019: unresolved external symbol "public: enum Suit __thiscall Board::intToSuit(int)" (?intToSuit@Board@@QAE?AW4Suit@@H@Z) referenced in function "public: __thiscall Board::Board(void)" (??0Board@@QAE@XZ)
     1>C:\Users\UmbleJA1\Documents\GitHub\Escape-Pod-4\Main Program\kingsCorners\Debug\kingsCorners.exe : fatal error LNK1120: 2 unresolved externals
     1>Done Building Project "C:\Users\UmbleJA1\Documents\GitHub\Escape-Pod-4\Main Program\kingsCorners\kingsCorners\kingsCorners.vcxproj" (Build target(s)) -- FAILED.

Build FAILED.

Time Elapsed 00:00:01.38
